[debug] [2021-06-19T18:21:19.766Z] ----------------------------------------------------------------------
[debug] [2021-06-19T18:21:19.769Z] Command:       C:\Program Files\nodejs\node.exe C:\Users\bahro\AppData\Roaming\npm\node_modules\firebase-tools\lib\bin\firebase.js init
[debug] [2021-06-19T18:21:19.769Z] CLI Version:   9.13.1
[debug] [2021-06-19T18:21:19.769Z] Platform:      win32
[debug] [2021-06-19T18:21:19.769Z] Node Version:  v14.17.0
[debug] [2021-06-19T18:21:19.770Z] Time:          Sat Jun 19 2021 23:21:19 GMT+0500 (Pakistan Standard Time)
[debug] [2021-06-19T18:21:19.770Z] ----------------------------------------------------------------------
[debug] 
[debug] [2021-06-19T18:21:19.777Z] > command requires scopes: ["email","openid","https://www.googleapis.com/auth/cloudplatformprojects.readonly","https://www.googleapis.com/auth/firebase","https://www.googleapis.com/auth/cloud-platform"]
[debug] [2021-06-19T18:21:19.778Z] > authorizing via signed-in user (shehryarjaved008@gmail.com)
[info] 
     ######## #### ########  ######## ########     ###     ######  ########
     ##        ##  ##     ## ##       ##     ##  ##   ##  ##       ##
     ######    ##  ########  ######   ########  #########  ######  ######
     ##        ##  ##    ##  ##       ##     ## ##     ##       ## ##
     ##       #### ##     ## ######## ########  ##     ##  ######  ########

You're about to initialize a Firebase project in this directory:

  C:\Users\bahro\Desktop\reactassign noon website\website

[debug] [2021-06-19T18:22:57.717Z] ----------------------------------------------------------------------
[debug] [2021-06-19T18:22:57.719Z] Command:       C:\Program Files\nodejs\node.exe C:\Users\bahro\AppData\Roaming\npm\node_modules\firebase-tools\lib\bin\firebase.js init
[debug] [2021-06-19T18:22:57.720Z] CLI Version:   9.13.1
[debug] [2021-06-19T18:22:57.720Z] Platform:      win32
[debug] [2021-06-19T18:22:57.720Z] Node Version:  v14.17.0
[debug] [2021-06-19T18:22:57.720Z] Time:          Sat Jun 19 2021 23:22:57 GMT+0500 (Pakistan Standard Time)
[debug] [2021-06-19T18:22:57.721Z] ----------------------------------------------------------------------
[debug] 
[debug] [2021-06-19T18:22:57.728Z] > command requires scopes: ["email","openid","https://www.googleapis.com/auth/cloudplatformprojects.readonly","https://www.googleapis.com/auth/firebase","https://www.googleapis.com/auth/cloud-platform"]
[debug] [2021-06-19T18:22:57.728Z] > authorizing via signed-in user (shehryarjaved008@gmail.com)
[info] 
     ######## #### ########  ######## ########     ###     ######  ########
     ##        ##  ##     ## ##       ##     ##  ##   ##  ##       ##
     ######    ##  ########  ######   ########  #########  ######  ######
     ##        ##  ##    ##  ##       ##     ## ##     ##       ## ##
     ##       #### ##     ## ######## ########  ##     ##  ######  ########

You're about to initialize a Firebase project in this directory:

  C:\Users\bahro\Desktop\reactassign noon website\website

[info] 
=== Project Setup
[info] 
[info] First, let's associate this project directory with a Firebase project.
[info] You can create multiple project aliases by running firebase use --add, 
[info] but for now we'll just set up a default project.
[info] 
[debug] [2021-06-19T18:23:54.041Z] >>> [apiv2][query] GET https://firebase.googleapis.com/v1beta1/projects pageSize=100
[debug] [2021-06-19T18:23:54.578Z] <<< [apiv2][status] GET https://firebase.googleapis.com/v1beta1/projects 200
[debug] [2021-06-19T18:23:54.578Z] <<< [apiv2][body] GET https://firebase.googleapis.com/v1beta1/projects [omitted]
[info] i  Using project react-app-f8520 (react-app) 
[info] 
=== Hosting Setup
[info] 
[info] Your public directory is the folder (relative to your project directory) that
[info] will contain Hosting assets to be uploaded with firebase deploy. If you
[info] have a build process for your assets, use your build's output directory.
[info] 
